<?xml version="1.0" encoding="UTF-8"?>
<!-- Generated by org.testng.reporters.JUnitReportReporter -->
<testsuite hostname="DESKTOP-5S7KLM1" name="LandlordAutomation.sample" tests="1" failures="0" timestamp="4 Dec 2019 21:05:35 GMT" time="1.994" errors="0">
  <testcase name="sampletest" time="1.994" classname="LandlordAutomation.sample"/>
</testsuite> <!-- LandlordAutomation.sample -->
